{"/home/hoslack/Desktop/fizzbuzz/fizzbuzz.js":{"path":"/home/hoslack/Desktop/fizzbuzz/fizzbuzz.js","s":{"1":1,"2":7,"3":1,"4":6,"5":1,"6":5,"7":2,"8":3,"9":1,"10":2,"11":1},"b":{"1":[1,6],"2":[1,5],"3":[6,3],"4":[2,3],"5":[1,2]},"f":{"1":7},"fnMap":{"1":{"name":"fizzbuzz","line":1,"loc":{"start":{"line":1,"column":0},"end":{"line":1,"column":23}}}},"statementMap":{"1":{"start":{"line":1,"column":0},"end":{"line":15,"column":1}},"2":{"start":{"line":3,"column":0},"end":{"line":14,"column":3}},"3":{"start":{"line":4,"column":2},"end":{"line":4,"column":11}},"4":{"start":{"line":6,"column":6},"end":{"line":14,"column":3}},"5":{"start":{"line":7,"column":4},"end":{"line":7,"column":22}},"6":{"start":{"line":8,"column":5},"end":{"line":14,"column":3}},"7":{"start":{"line":9,"column":4},"end":{"line":9,"column":17}},"8":{"start":{"line":10,"column":5},"end":{"line":14,"column":3}},"9":{"start":{"line":11,"column":4},"end":{"line":11,"column":18}},"10":{"start":{"line":13,"column":4},"end":{"line":13,"column":15}},"11":{"start":{"line":18,"column":0},"end":{"line":18,"column":26}}},"branchMap":{"1":{"line":3,"type":"if","locations":[{"start":{"line":3,"column":0},"end":{"line":3,"column":0}},{"start":{"line":3,"column":0},"end":{"line":3,"column":0}}]},"2":{"line":6,"type":"if","locations":[{"start":{"line":6,"column":6},"end":{"line":6,"column":6}},{"start":{"line":6,"column":6},"end":{"line":6,"column":6}}]},"3":{"line":6,"type":"binary-expr","locations":[{"start":{"line":6,"column":9},"end":{"line":6,"column":20}},{"start":{"line":6,"column":24},"end":{"line":6,"column":35}}]},"4":{"line":8,"type":"if","locations":[{"start":{"line":8,"column":5},"end":{"line":8,"column":5}},{"start":{"line":8,"column":5},"end":{"line":8,"column":5}}]},"5":{"line":10,"type":"if","locations":[{"start":{"line":10,"column":5},"end":{"line":10,"column":5}},{"start":{"line":10,"column":5},"end":{"line":10,"column":5}}]}}}}